0 info it worked if it ends with ok
1 verbose cli [ '/usr/local/bin/node',
1 verbose cli   '/Users/zachmckimmins/.node/bin/npm',
1 verbose cli   'install' ]
2 info using npm@3.6.0
3 info using node@v4.2.1
4 silly loadCurrentTree Starting
5 silly install loadCurrentTree
6 silly install readLocalPackageData
7 silly install normalizeTree
8 silly loadCurrentTree Finishing
9 silly loadIdealTree Starting
10 silly install loadIdealTree
11 silly cloneCurrentTree Starting
12 silly install cloneCurrentTreeToIdealTree
13 silly cloneCurrentTree Finishing
14 silly loadShrinkwrap Starting
15 silly install loadShrinkwrap
16 silly loadShrinkwrap Finishing
17 silly loadAllDepsIntoIdealTree Starting
18 silly install loadAllDepsIntoIdealTree
19 silly loadAllDepsIntoIdealTree Finishing
20 silly idealTree:prePrune nti-go@1.0.0
20 silly idealTree:prePrune ├── abbrev@1.0.7
20 silly idealTree:prePrune ├── accepts@1.2.13
20 silly idealTree:prePrune ├── align-text@0.1.4
20 silly idealTree:prePrune ├── angular@1.5.2
20 silly idealTree:prePrune ├── ansi-regex@2.0.0
20 silly idealTree:prePrune ├── ansi-styles@2.2.0
20 silly idealTree:prePrune ├── ansi@0.3.1
20 silly idealTree:prePrune ├── archy@1.0.0
20 silly idealTree:prePrune ├─┬ are-we-there-yet@1.1.2
20 silly idealTree:prePrune │ ├── isarray@1.0.0
20 silly idealTree:prePrune │ └── readable-stream@2.0.6
20 silly idealTree:prePrune ├── array-differ@1.0.0
20 silly idealTree:prePrune ├── array-find-index@1.0.1
20 silly idealTree:prePrune ├── array-flatten@1.1.1
20 silly idealTree:prePrune ├── array-index@1.0.0
20 silly idealTree:prePrune ├── array-uniq@1.0.2
20 silly idealTree:prePrune ├── asn1@0.2.3
20 silly idealTree:prePrune ├── assert-plus@0.2.0
20 silly idealTree:prePrune ├── async-foreach@0.1.3
20 silly idealTree:prePrune ├── async@1.5.2
20 silly idealTree:prePrune ├── aws-sign2@0.6.0
20 silly idealTree:prePrune ├─┬ aws4@1.3.2
20 silly idealTree:prePrune │ └── lru-cache@4.0.1
20 silly idealTree:prePrune ├── balanced-match@0.3.0
20 silly idealTree:prePrune ├── base64-url@1.2.1
20 silly idealTree:prePrune ├── beeper@1.1.0
20 silly idealTree:prePrune ├── binary@0.3.0
20 silly idealTree:prePrune ├─┬ bl@1.0.3
20 silly idealTree:prePrune │ ├── isarray@1.0.0
20 silly idealTree:prePrune │ └── readable-stream@2.0.6
20 silly idealTree:prePrune ├── block-stream@0.0.9
20 silly idealTree:prePrune ├── bluebird@2.10.2
20 silly idealTree:prePrune ├── body-parser@1.15.0
20 silly idealTree:prePrune ├── boom@2.10.1
20 silly idealTree:prePrune ├─┬ bower@0.6.8
20 silly idealTree:prePrune │ ├── archy@0.0.2
20 silly idealTree:prePrune │ ├── async@0.1.22
20 silly idealTree:prePrune │ ├─┬ fstream@0.1.31
20 silly idealTree:prePrune │ │ └── mkdirp@0.5.1
20 silly idealTree:prePrune │ ├─┬ glob@3.1.21
20 silly idealTree:prePrune │ │ ├── graceful-fs@1.2.3
20 silly idealTree:prePrune │ │ └── inherits@1.0.2
20 silly idealTree:prePrune │ ├── graceful-fs@3.0.8
20 silly idealTree:prePrune │ ├── lodash@0.9.2
20 silly idealTree:prePrune │ ├── minimatch@0.2.14
20 silly idealTree:prePrune │ ├── minimist@0.0.8
20 silly idealTree:prePrune │ ├── mkdirp@0.3.5
20 silly idealTree:prePrune │ ├── nopt@2.0.0
20 silly idealTree:prePrune │ ├─┬ request@2.11.4
20 silly idealTree:prePrune │ │ ├─┬ form-data@0.0.3
20 silly idealTree:prePrune │ │ │ ├── async@0.1.9
20 silly idealTree:prePrune │ │ │ └─┬ combined-stream@0.0.3
20 silly idealTree:prePrune │ │ │   └── delayed-stream@0.0.5
20 silly idealTree:prePrune │ │ └── mime@1.2.7
20 silly idealTree:prePrune │ ├─┬ rimraf@2.0.3
20 silly idealTree:prePrune │ │ └── graceful-fs@1.1.14
20 silly idealTree:prePrune │ ├── semver@1.1.4
20 silly idealTree:prePrune │ └── tar@0.1.20
20 silly idealTree:prePrune ├── brace-expansion@1.1.3
20 silly idealTree:prePrune ├── bson@0.4.21
20 silly idealTree:prePrune ├── buffers@0.1.1
20 silly idealTree:prePrune ├── builtin-modules@1.1.1
20 silly idealTree:prePrune ├── bytes@2.2.0
20 silly idealTree:prePrune ├── camelcase-keys@2.1.0
20 silly idealTree:prePrune ├── camelcase@2.1.1
20 silly idealTree:prePrune ├── caseless@0.11.0
20 silly idealTree:prePrune ├── center-align@0.1.3
20 silly idealTree:prePrune ├── chainsaw@0.1.0
20 silly idealTree:prePrune ├── chalk@1.1.1
20 silly idealTree:prePrune ├── cliui@3.1.1
20 silly idealTree:prePrune ├── clone-stats@0.0.1
20 silly idealTree:prePrune ├── clone@1.0.2
20 silly idealTree:prePrune ├── code-point-at@1.0.0
20 silly idealTree:prePrune ├── color-convert@1.0.0
20 silly idealTree:prePrune ├── colors@0.6.2
20 silly idealTree:prePrune ├── combined-stream@1.0.5
20 silly idealTree:prePrune ├── commander@2.9.0
20 silly idealTree:prePrune ├── concat-map@0.0.1
20 silly idealTree:prePrune ├─┬ concat-stream@1.5.1
20 silly idealTree:prePrune │ ├── isarray@1.0.0
20 silly idealTree:prePrune │ └── readable-stream@2.0.6
20 silly idealTree:prePrune ├── config-chain@1.1.10
20 silly idealTree:prePrune ├── content-disposition@0.5.1
20 silly idealTree:prePrune ├── content-type@1.0.1
20 silly idealTree:prePrune ├── convert-source-map@1.2.0
20 silly idealTree:prePrune ├── cookie-signature@1.0.6
20 silly idealTree:prePrune ├── cookie@0.1.5
20 silly idealTree:prePrune ├── core-util-is@1.0.2
20 silly idealTree:prePrune ├── cors@2.7.1
20 silly idealTree:prePrune ├── crc@3.4.0
20 silly idealTree:prePrune ├─┬ cross-spawn-async@2.1.9
20 silly idealTree:prePrune │ └── lru-cache@4.0.1
20 silly idealTree:prePrune ├── cross-spawn@2.1.5
20 silly idealTree:prePrune ├── cryptiles@2.0.5
20 silly idealTree:prePrune ├── d@0.1.1
20 silly idealTree:prePrune ├── dargs@2.1.0
20 silly idealTree:prePrune ├─┬ dashdash@1.13.0
20 silly idealTree:prePrune │ └── assert-plus@1.0.0
20 silly idealTree:prePrune ├── dateformat@1.0.12
20 silly idealTree:prePrune ├── deap@1.0.0
20 silly idealTree:prePrune ├── debug@2.2.0
20 silly idealTree:prePrune ├── decamelize@1.2.0
20 silly idealTree:prePrune ├── defaults@1.0.3
20 silly idealTree:prePrune ├── delayed-stream@1.0.0
20 silly idealTree:prePrune ├── delegates@1.0.0
20 silly idealTree:prePrune ├── depd@1.1.0
20 silly idealTree:prePrune ├── deprecated@0.0.1
20 silly idealTree:prePrune ├── destroy@1.0.4
20 silly idealTree:prePrune ├── diff@1.0.8
20 silly idealTree:prePrune ├─┬ duplexer2@0.0.2
20 silly idealTree:prePrune │ └── readable-stream@1.1.13
20 silly idealTree:prePrune ├─┬ duplexify@3.4.3
20 silly idealTree:prePrune │ ├── end-of-stream@1.0.0
20 silly idealTree:prePrune │ ├── isarray@1.0.0
20 silly idealTree:prePrune │ └── readable-stream@2.0.6
20 silly idealTree:prePrune ├── each-async@1.1.1
20 silly idealTree:prePrune ├── ecc-jsbn@0.1.1
20 silly idealTree:prePrune ├── ee-first@1.1.1
20 silly idealTree:prePrune ├── end-of-stream@0.1.5
20 silly idealTree:prePrune ├── error-ex@1.3.0
20 silly idealTree:prePrune ├── es5-ext@0.10.11
20 silly idealTree:prePrune ├── es6-iterator@2.0.0
20 silly idealTree:prePrune ├── es6-promise@3.0.2
20 silly idealTree:prePrune ├── es6-symbol@3.0.2
20 silly idealTree:prePrune ├── escape-html@1.0.3
20 silly idealTree:prePrune ├── escape-string-regexp@1.0.5
20 silly idealTree:prePrune ├── etag@1.7.0
20 silly idealTree:prePrune ├─┬ express-session@1.13.0
20 silly idealTree:prePrune │ └── cookie@0.2.3
20 silly idealTree:prePrune ├─┬ express@4.13.4
20 silly idealTree:prePrune │ ├── qs@4.0.0
20 silly idealTree:prePrune │ └── vary@1.0.1
20 silly idealTree:prePrune ├── extend@2.0.1
20 silly idealTree:prePrune ├── extsprintf@1.0.2
20 silly idealTree:prePrune ├── eyes@0.1.8
20 silly idealTree:prePrune ├── fancy-log@1.2.0
20 silly idealTree:prePrune ├── finalhandler@0.4.1
20 silly idealTree:prePrune ├── find-index@0.1.1
20 silly idealTree:prePrune ├── find-up@1.1.2
20 silly idealTree:prePrune ├── findup-sync@0.3.0
20 silly idealTree:prePrune ├── first-chunk-stream@1.0.0
20 silly idealTree:prePrune ├── flagged-respawn@0.3.2
20 silly idealTree:prePrune ├── forever-agent@0.6.1
20 silly idealTree:prePrune ├── form-data@1.0.0-rc4
20 silly idealTree:prePrune ├── forwarded@0.1.0
20 silly idealTree:prePrune ├── fresh@0.3.0
20 silly idealTree:prePrune ├── fstream@1.0.8
20 silly idealTree:prePrune ├── gauge@1.2.7
20 silly idealTree:prePrune ├── gaze@0.5.2
20 silly idealTree:prePrune ├── generate-function@2.0.0
20 silly idealTree:prePrune ├── generate-object-property@1.2.0
20 silly idealTree:prePrune ├── get-stdin@4.0.1
20 silly idealTree:prePrune ├─┬ glob-stream@3.1.18
20 silly idealTree:prePrune │ ├── glob@4.5.3
20 silly idealTree:prePrune │ ├── minimatch@2.0.10
20 silly idealTree:prePrune │ ├── readable-stream@1.0.33
20 silly idealTree:prePrune │ └── through2@0.6.5
20 silly idealTree:prePrune ├── glob-watcher@0.0.6
20 silly idealTree:prePrune ├── glob@5.0.15
20 silly idealTree:prePrune ├── glob2base@0.0.12
20 silly idealTree:prePrune ├─┬ globule@0.1.0
20 silly idealTree:prePrune │ ├── glob@3.1.21
20 silly idealTree:prePrune │ ├── graceful-fs@1.2.3
20 silly idealTree:prePrune │ ├── inherits@1.0.2
20 silly idealTree:prePrune │ └── minimatch@0.2.14
20 silly idealTree:prePrune ├── glogg@1.0.0
20 silly idealTree:prePrune ├── graceful-fs@4.1.3
20 silly idealTree:prePrune ├── graceful-readlink@1.0.1
20 silly idealTree:prePrune ├─┬ gulp-ruby-sass@2.0.6
20 silly idealTree:prePrune │ ├── clone@0.2.0
20 silly idealTree:prePrune │ ├─┬ glob-stream@4.1.1
20 silly idealTree:prePrune │ │ └── glob@4.5.3
20 silly idealTree:prePrune │ ├── glob-watcher@0.0.8
20 silly idealTree:prePrune │ ├── graceful-fs@3.0.8
20 silly idealTree:prePrune │ ├── minimatch@2.0.10
20 silly idealTree:prePrune │ ├── object-assign@4.0.1
20 silly idealTree:prePrune │ ├── readable-stream@1.0.33
20 silly idealTree:prePrune │ ├── strip-bom@1.0.0
20 silly idealTree:prePrune │ ├── through2@0.6.5
20 silly idealTree:prePrune │ ├── unique-stream@2.2.1
20 silly idealTree:prePrune │ ├─┬ vinyl-fs@1.0.0
20 silly idealTree:prePrune │ │ └── object-assign@2.1.1
20 silly idealTree:prePrune │ └── vinyl@0.4.6
20 silly idealTree:prePrune ├─┬ gulp-sass@2.2.0
20 silly idealTree:prePrune │ └── object-assign@4.0.1
20 silly idealTree:prePrune ├── gulp-uglify@1.5.3
20 silly idealTree:prePrune ├── gulp-util@3.0.7
20 silly idealTree:prePrune ├─┬ gulp@3.9.1
20 silly idealTree:prePrune │ └── semver@4.3.6
20 silly idealTree:prePrune ├── gulplog@1.0.0
20 silly idealTree:prePrune ├── har-validator@2.0.6
20 silly idealTree:prePrune ├── has-ansi@2.0.0
20 silly idealTree:prePrune ├── has-gulplog@0.1.0
20 silly idealTree:prePrune ├── has-unicode@2.0.0
20 silly idealTree:prePrune ├── hawk@3.1.3
20 silly idealTree:prePrune ├── hoek@2.16.3
20 silly idealTree:prePrune ├── hogan.js@2.0.0
20 silly idealTree:prePrune ├── hooks-fixed@1.1.0
20 silly idealTree:prePrune ├── hosted-git-info@2.1.4
20 silly idealTree:prePrune ├── http-errors@1.4.0
20 silly idealTree:prePrune ├── http-signature@1.1.1
20 silly idealTree:prePrune ├── iconv-lite@0.4.13
20 silly idealTree:prePrune ├── indent-string@2.1.0
20 silly idealTree:prePrune ├── inflight@1.0.4
20 silly idealTree:prePrune ├── inherits@2.0.1
20 silly idealTree:prePrune ├── ini@1.3.4
20 silly idealTree:prePrune ├── interpret@1.0.0
20 silly idealTree:prePrune ├── invert-kv@1.0.0
20 silly idealTree:prePrune ├── ipaddr.js@1.0.5
20 silly idealTree:prePrune ├── is-absolute@0.1.7
20 silly idealTree:prePrune ├── is-arrayish@0.2.1
20 silly idealTree:prePrune ├── is-buffer@1.1.3
20 silly idealTree:prePrune ├── is-builtin-module@1.0.0
20 silly idealTree:prePrune ├── is-finite@1.0.1
20 silly idealTree:prePrune ├── is-fullwidth-code-point@1.0.0
20 silly idealTree:prePrune ├── is-my-json-valid@2.13.1
20 silly idealTree:prePrune ├── is-property@1.0.2
20 silly idealTree:prePrune ├── is-relative@0.1.3
20 silly idealTree:prePrune ├── is-typedarray@1.0.0
20 silly idealTree:prePrune ├── is-utf8@0.2.1
20 silly idealTree:prePrune ├── isarray@0.0.1
20 silly idealTree:prePrune ├── isexe@1.1.2
20 silly idealTree:prePrune ├── isobject@2.0.0
20 silly idealTree:prePrune ├── isstream@0.1.2
20 silly idealTree:prePrune ├── jodid25519@1.0.2
20 silly idealTree:prePrune ├── jsbn@0.1.0
20 silly idealTree:prePrune ├── json-schema@0.2.2
20 silly idealTree:prePrune ├── json-stable-stringify@1.0.1
20 silly idealTree:prePrune ├── json-stringify-safe@5.0.1
20 silly idealTree:prePrune ├── jsonify@0.0.0
20 silly idealTree:prePrune ├── jsonpointer@2.0.0
20 silly idealTree:prePrune ├── jsprim@1.2.2
20 silly idealTree:prePrune ├── kareem@1.0.1
20 silly idealTree:prePrune ├── kind-of@3.0.2
20 silly idealTree:prePrune ├── lazy-cache@1.0.3
20 silly idealTree:prePrune ├── lcid@1.0.0
20 silly idealTree:prePrune ├── liftoff@2.2.1
20 silly idealTree:prePrune ├── load-json-file@1.1.0
20 silly idealTree:prePrune ├── lodash._basecopy@3.0.1
20 silly idealTree:prePrune ├── lodash._basetostring@3.0.1
20 silly idealTree:prePrune ├── lodash._basevalues@3.0.0
20 silly idealTree:prePrune ├── lodash._getnative@3.9.1
20 silly idealTree:prePrune ├── lodash._isiterateecall@3.0.9
20 silly idealTree:prePrune ├── lodash._reescape@3.0.0
20 silly idealTree:prePrune ├── lodash._reevaluate@3.0.0
20 silly idealTree:prePrune ├── lodash._reinterpolate@3.0.0
20 silly idealTree:prePrune ├── lodash._root@3.0.1
20 silly idealTree:prePrune ├── lodash.escape@3.2.0
20 silly idealTree:prePrune ├── lodash.isarguments@3.0.8
20 silly idealTree:prePrune ├── lodash.isarray@3.0.4
20 silly idealTree:prePrune ├── lodash.keys@3.1.2
20 silly idealTree:prePrune ├── lodash.pad@4.1.0
20 silly idealTree:prePrune ├── lodash.padend@4.2.0
20 silly idealTree:prePrune ├── lodash.padstart@4.2.0
20 silly idealTree:prePrune ├── lodash.repeat@4.0.0
20 silly idealTree:prePrune ├── lodash.restparam@3.6.1
20 silly idealTree:prePrune ├── lodash.template@3.6.2
20 silly idealTree:prePrune ├── lodash.templatesettings@3.1.1
20 silly idealTree:prePrune ├── lodash.tostring@4.1.2
20 silly idealTree:prePrune ├── lodash@1.0.2
20 silly idealTree:prePrune ├── longest@1.0.1
20 silly idealTree:prePrune ├── loud-rejection@1.3.0
20 silly idealTree:prePrune ├── lru-cache@2.7.3
20 silly idealTree:prePrune ├── map-obj@1.0.1
20 silly idealTree:prePrune ├── md5-hex@1.2.1
20 silly idealTree:prePrune ├── md5-o-matic@0.1.1
20 silly idealTree:prePrune ├── media-typer@0.3.0
20 silly idealTree:prePrune ├─┬ meow@3.7.0
20 silly idealTree:prePrune │ └── object-assign@4.0.1
20 silly idealTree:prePrune ├── merge-descriptors@1.0.1
20 silly idealTree:prePrune ├─┬ merge-stream@0.1.8
20 silly idealTree:prePrune │ ├── readable-stream@1.0.33
20 silly idealTree:prePrune │ └── through2@0.6.5
20 silly idealTree:prePrune ├── methods@1.1.2
20 silly idealTree:prePrune ├── mime-db@1.22.0
20 silly idealTree:prePrune ├── mime-types@2.1.10
20 silly idealTree:prePrune ├── mime@1.3.4
20 silly idealTree:prePrune ├── minimatch@3.0.0
20 silly idealTree:prePrune ├── minimist@1.2.0
20 silly idealTree:prePrune ├─┬ mkdirp@0.5.1
20 silly idealTree:prePrune │ └── minimist@0.0.8
20 silly idealTree:prePrune ├── mongodb-core@1.3.5
20 silly idealTree:prePrune ├── mongodb@2.1.8
20 silly idealTree:prePrune ├── mongoose-deep-populate@3.0.0
20 silly idealTree:prePrune ├── mongoose@4.4.8
20 silly idealTree:prePrune ├── mpath@0.2.1
20 silly idealTree:prePrune ├── mpromise@0.5.5
20 silly idealTree:prePrune ├─┬ mquery@1.10.0
20 silly idealTree:prePrune │ └── sliced@0.0.5
20 silly idealTree:prePrune ├── ms@0.7.1
20 silly idealTree:prePrune ├── multipipe@0.1.2
20 silly idealTree:prePrune ├── muri@1.1.0
20 silly idealTree:prePrune ├── nan@2.2.0
20 silly idealTree:prePrune ├── negotiator@0.5.3
20 silly idealTree:prePrune ├─┬ node-gyp@3.3.1
20 silly idealTree:prePrune │ ├─┬ glob@4.5.3
20 silly idealTree:prePrune │ │ └── minimatch@2.0.10
20 silly idealTree:prePrune │ └── minimatch@1.0.0
20 silly idealTree:prePrune ├── node-sass@3.4.2
20 silly idealTree:prePrune ├── node-uuid@1.4.7
20 silly idealTree:prePrune ├── nopt@3.0.6
20 silly idealTree:prePrune ├── normalize-package-data@2.3.5
20 silly idealTree:prePrune ├─┬ npmconf@2.1.2
20 silly idealTree:prePrune │ └── semver@4.3.6
20 silly idealTree:prePrune ├── npmlog@2.0.3
20 silly idealTree:prePrune ├── number-is-nan@1.0.0
20 silly idealTree:prePrune ├── oauth-sign@0.8.1
20 silly idealTree:prePrune ├── object-assign@3.0.0
20 silly idealTree:prePrune ├── on-finished@2.3.0
20 silly idealTree:prePrune ├── on-headers@1.0.1
20 silly idealTree:prePrune ├── once@1.3.3
20 silly idealTree:prePrune ├── onetime@1.1.0
20 silly idealTree:prePrune ├── optimist@0.3.7
20 silly idealTree:prePrune ├── orchestrator@0.3.7
20 silly idealTree:prePrune ├── ordered-read-streams@0.1.0
20 silly idealTree:prePrune ├── os-homedir@1.0.1
20 silly idealTree:prePrune ├── os-locale@1.4.0
20 silly idealTree:prePrune ├── os-shim@0.1.3
20 silly idealTree:prePrune ├── os-tmpdir@1.0.1
20 silly idealTree:prePrune ├── osenv@0.1.3
20 silly idealTree:prePrune ├── over@0.0.5
20 silly idealTree:prePrune ├── parse-json@2.2.0
20 silly idealTree:prePrune ├── parseurl@1.3.1
20 silly idealTree:prePrune ├── path-array@1.0.1
20 silly idealTree:prePrune ├── path-exists@2.1.0
20 silly idealTree:prePrune ├── path-is-absolute@1.0.0
20 silly idealTree:prePrune ├── path-to-regexp@0.1.7
20 silly idealTree:prePrune ├── path-type@1.1.0
20 silly idealTree:prePrune ├── pify@2.3.0
20 silly idealTree:prePrune ├── pinkie-promise@2.0.0
20 silly idealTree:prePrune ├── pinkie@2.0.4
20 silly idealTree:prePrune ├── pretty-hrtime@1.0.2
20 silly idealTree:prePrune ├── process-nextick-args@1.0.6
20 silly idealTree:prePrune ├── proto-list@1.2.4
20 silly idealTree:prePrune ├── proxy-addr@1.0.10
20 silly idealTree:prePrune ├── pseudomap@1.0.2
20 silly idealTree:prePrune ├── pullstream@0.0.4
20 silly idealTree:prePrune ├── qs@6.1.0
20 silly idealTree:prePrune ├── range-parser@1.0.3
20 silly idealTree:prePrune ├─┬ raw-body@2.1.6
20 silly idealTree:prePrune │ └── bytes@2.3.0
20 silly idealTree:prePrune ├─┬ rc@0.0.8
20 silly idealTree:prePrune │ ├── config-chain@0.3.4
20 silly idealTree:prePrune │ └── ini@1.0.5
20 silly idealTree:prePrune ├─┬ read-package-json@0.1.13
20 silly idealTree:prePrune │ ├── glob@3.1.21
20 silly idealTree:prePrune │ ├── graceful-fs@1.2.3
20 silly idealTree:prePrune │ ├── inherits@1.0.2
20 silly idealTree:prePrune │ ├── lru-cache@2.0.4
20 silly idealTree:prePrune │ ├── minimatch@0.2.14
20 silly idealTree:prePrune │ ├── npmlog@0.1.1
20 silly idealTree:prePrune │ └── semver@1.1.4
20 silly idealTree:prePrune ├── read-pkg-up@1.0.1
20 silly idealTree:prePrune ├── read-pkg@1.1.0
20 silly idealTree:prePrune ├── readable-stream@1.0.31
20 silly idealTree:prePrune ├── rechoir@0.6.2
20 silly idealTree:prePrune ├── redent@1.0.0
20 silly idealTree:prePrune ├── regexp-clone@0.0.1
20 silly idealTree:prePrune ├── repeat-string@1.5.4
20 silly idealTree:prePrune ├── repeating@2.0.0
20 silly idealTree:prePrune ├── replace-ext@0.0.1
20 silly idealTree:prePrune ├─┬ request@2.69.0
20 silly idealTree:prePrune │ ├── extend@3.0.0
20 silly idealTree:prePrune │ └── qs@6.0.2
20 silly idealTree:prePrune ├── require_optional@1.0.0
20 silly idealTree:prePrune ├── resolve-from@2.0.0
20 silly idealTree:prePrune ├── resolve@1.1.7
20 silly idealTree:prePrune ├── right-align@0.1.3
20 silly idealTree:prePrune ├─┬ rimraf@2.5.2
20 silly idealTree:prePrune │ └── glob@7.0.3
20 silly idealTree:prePrune ├─┬ sass-graph@2.1.1
20 silly idealTree:prePrune │ ├── glob@6.0.4
20 silly idealTree:prePrune │ └── lodash@4.6.1
20 silly idealTree:prePrune ├── semver@5.1.0
20 silly idealTree:prePrune ├─┬ send@0.13.1
20 silly idealTree:prePrune │ └── http-errors@1.3.1
20 silly idealTree:prePrune ├── sequencify@0.0.7
20 silly idealTree:prePrune ├── serve-static@1.10.2
20 silly idealTree:prePrune ├── set-immediate-shim@1.0.1
20 silly idealTree:prePrune ├── sigmund@1.0.1
20 silly idealTree:prePrune ├── signal-exit@2.1.2
20 silly idealTree:prePrune ├── sliced@1.0.1
20 silly idealTree:prePrune ├── slide@1.1.6
20 silly idealTree:prePrune ├── sntp@1.0.9
20 silly idealTree:prePrune ├── source-map@0.5.3
20 silly idealTree:prePrune ├── sparkles@1.0.0
20 silly idealTree:prePrune ├── spawn-sync@1.0.15
20 silly idealTree:prePrune ├── spdx-correct@1.0.2
20 silly idealTree:prePrune ├── spdx-exceptions@1.0.4
20 silly idealTree:prePrune ├── spdx-expression-parse@1.0.2
20 silly idealTree:prePrune ├── spdx-license-ids@1.2.0
20 silly idealTree:prePrune ├── sshpk@1.7.4
20 silly idealTree:prePrune ├── stable@0.1.5
20 silly idealTree:prePrune ├── statuses@1.2.1
20 silly idealTree:prePrune ├── stream-buffers@0.2.6
20 silly idealTree:prePrune ├── stream-consume@0.1.0
20 silly idealTree:prePrune ├── string_decoder@0.10.31
20 silly idealTree:prePrune ├── string-width@1.0.1
20 silly idealTree:prePrune ├── stringstream@0.0.5
20 silly idealTree:prePrune ├── strip-ansi@3.0.1
20 silly idealTree:prePrune ├── strip-bom@2.0.0
20 silly idealTree:prePrune ├── strip-indent@1.0.1
20 silly idealTree:prePrune ├── supports-color@2.0.0
20 silly idealTree:prePrune ├── tar@2.2.1
20 silly idealTree:prePrune ├── through2-filter@2.0.0
20 silly idealTree:prePrune ├─┬ through2@2.0.1
20 silly idealTree:prePrune │ ├── isarray@1.0.0
20 silly idealTree:prePrune │ └── readable-stream@2.0.6
20 silly idealTree:prePrune ├── tildify@1.1.2
20 silly idealTree:prePrune ├── time-stamp@1.0.0
20 silly idealTree:prePrune ├── tmp@0.0.28
20 silly idealTree:prePrune ├── tough-cookie@2.2.2
20 silly idealTree:prePrune ├── traverse@0.3.9
20 silly idealTree:prePrune ├── trim-newlines@1.0.0
20 silly idealTree:prePrune ├── tunnel-agent@0.4.2
20 silly idealTree:prePrune ├── tweetnacl@0.14.2
20 silly idealTree:prePrune ├── type-is@1.6.12
20 silly idealTree:prePrune ├── typedarray@0.0.6
20 silly idealTree:prePrune ├─┬ uglify-js@2.6.2
20 silly idealTree:prePrune │ ├── async@0.2.10
20 silly idealTree:prePrune │ ├── camelcase@1.2.1
20 silly idealTree:prePrune │ ├── cliui@2.1.0
20 silly idealTree:prePrune │ ├── window-size@0.1.0
20 silly idealTree:prePrune │ └── yargs@3.10.0
20 silly idealTree:prePrune ├── uglify-save-license@0.4.1
20 silly idealTree:prePrune ├── uglify-to-browserify@1.0.2
20 silly idealTree:prePrune ├── uid-number@0.0.5
20 silly idealTree:prePrune ├── uid-safe@2.0.0
20 silly idealTree:prePrune ├── unique-stream@1.0.0
20 silly idealTree:prePrune ├── unpipe@1.0.0
20 silly idealTree:prePrune ├─┬ unzip@0.0.4
20 silly idealTree:prePrune │ ├── fstream@0.1.31
20 silly idealTree:prePrune │ └── graceful-fs@3.0.8
20 silly idealTree:prePrune ├── user-home@1.1.1
20 silly idealTree:prePrune ├── util-deprecate@1.0.2
20 silly idealTree:prePrune ├── utils-merge@1.0.0
20 silly idealTree:prePrune ├── v8flags@2.0.11
20 silly idealTree:prePrune ├── validate-npm-package-license@3.0.1
20 silly idealTree:prePrune ├── vary@1.1.0
20 silly idealTree:prePrune ├── verror@1.3.6
20 silly idealTree:prePrune ├─┬ vinyl-fs@0.3.14
20 silly idealTree:prePrune │ ├── clone@0.2.0
20 silly idealTree:prePrune │ ├── graceful-fs@3.0.8
20 silly idealTree:prePrune │ ├── readable-stream@1.0.33
20 silly idealTree:prePrune │ ├── strip-bom@1.0.0
20 silly idealTree:prePrune │ ├── through2@0.6.5
20 silly idealTree:prePrune │ └── vinyl@0.4.6
20 silly idealTree:prePrune ├── vinyl-sourcemaps-apply@0.2.1
20 silly idealTree:prePrune ├── vinyl@0.5.3
20 silly idealTree:prePrune ├── vows@0.6.4
20 silly idealTree:prePrune ├── which@1.2.4
20 silly idealTree:prePrune ├── window-size@0.1.4
20 silly idealTree:prePrune ├── wordwrap@0.0.2
20 silly idealTree:prePrune ├── wrap-ansi@2.0.0
20 silly idealTree:prePrune ├── wrappy@1.0.1
20 silly idealTree:prePrune ├── xtend@4.0.1
20 silly idealTree:prePrune ├── y18n@3.2.1
20 silly idealTree:prePrune ├── yallist@2.0.0
20 silly idealTree:prePrune └── yargs@3.32.0
21 silly loadIdealTree Finishing
22 silly currentTree nti-go@1.0.0
22 silly currentTree ├── abbrev@1.0.7
22 silly currentTree ├── accepts@1.2.13
22 silly currentTree ├── align-text@0.1.4
22 silly currentTree ├── angular@1.5.2
22 silly currentTree ├── ansi-regex@2.0.0
22 silly currentTree ├── ansi-styles@2.2.0
22 silly currentTree ├── ansi@0.3.1
22 silly currentTree ├── archy@1.0.0
22 silly currentTree ├─┬ are-we-there-yet@1.1.2
22 silly currentTree │ ├── isarray@1.0.0
22 silly currentTree │ └── readable-stream@2.0.6
22 silly currentTree ├── array-differ@1.0.0
22 silly currentTree ├── array-find-index@1.0.1
22 silly currentTree ├── array-flatten@1.1.1
22 silly currentTree ├── array-index@1.0.0
22 silly currentTree ├── array-uniq@1.0.2
22 silly currentTree ├── asn1@0.2.3
22 silly currentTree ├── assert-plus@0.2.0
22 silly currentTree ├── async-foreach@0.1.3
22 silly currentTree ├── async@1.5.2
22 silly currentTree ├── aws-sign2@0.6.0
22 silly currentTree ├─┬ aws4@1.3.2
22 silly currentTree │ └── lru-cache@4.0.1
22 silly currentTree ├── balanced-match@0.3.0
22 silly currentTree ├── base64-url@1.2.1
22 silly currentTree ├── beeper@1.1.0
22 silly currentTree ├── binary@0.3.0
22 silly currentTree ├─┬ bl@1.0.3
22 silly currentTree │ ├── isarray@1.0.0
22 silly currentTree │ └── readable-stream@2.0.6
22 silly currentTree ├── block-stream@0.0.9
22 silly currentTree ├── bluebird@2.10.2
22 silly currentTree ├── body-parser@1.15.0
22 silly currentTree ├── boom@2.10.1
22 silly currentTree ├─┬ bower@0.6.8
22 silly currentTree │ ├── archy@0.0.2
22 silly currentTree │ ├── async@0.1.22
22 silly currentTree │ ├─┬ fstream@0.1.31
22 silly currentTree │ │ └── mkdirp@0.5.1
22 silly currentTree │ ├─┬ glob@3.1.21
22 silly currentTree │ │ ├── graceful-fs@1.2.3
22 silly currentTree │ │ └── inherits@1.0.2
22 silly currentTree │ ├── graceful-fs@3.0.8
22 silly currentTree │ ├── lodash@0.9.2
22 silly currentTree │ ├── minimatch@0.2.14
22 silly currentTree │ ├── minimist@0.0.8
22 silly currentTree │ ├── mkdirp@0.3.5
22 silly currentTree │ ├── nopt@2.0.0
22 silly currentTree │ ├─┬ request@2.11.4
22 silly currentTree │ │ ├─┬ form-data@0.0.3
22 silly currentTree │ │ │ ├── async@0.1.9
22 silly currentTree │ │ │ └─┬ combined-stream@0.0.3
22 silly currentTree │ │ │   └── delayed-stream@0.0.5
22 silly currentTree │ │ └── mime@1.2.7
22 silly currentTree │ ├─┬ rimraf@2.0.3
22 silly currentTree │ │ └── graceful-fs@1.1.14
22 silly currentTree │ ├── semver@1.1.4
22 silly currentTree │ └── tar@0.1.20
22 silly currentTree ├── brace-expansion@1.1.3
22 silly currentTree ├── bson@0.4.21
22 silly currentTree ├── buffers@0.1.1
22 silly currentTree ├── builtin-modules@1.1.1
22 silly currentTree ├── bytes@2.2.0
22 silly currentTree ├── camelcase-keys@2.1.0
22 silly currentTree ├── camelcase@2.1.1
22 silly currentTree ├── caseless@0.11.0
22 silly currentTree ├── center-align@0.1.3
22 silly currentTree ├── chainsaw@0.1.0
22 silly currentTree ├── chalk@1.1.1
22 silly currentTree ├── cliui@3.1.1
22 silly currentTree ├── clone-stats@0.0.1
22 silly currentTree ├── clone@1.0.2
22 silly currentTree ├── code-point-at@1.0.0
22 silly currentTree ├── color-convert@1.0.0
22 silly currentTree ├── colors@0.6.2
22 silly currentTree ├── combined-stream@1.0.5
22 silly currentTree ├── commander@2.9.0
22 silly currentTree ├── concat-map@0.0.1
22 silly currentTree ├─┬ concat-stream@1.5.1
22 silly currentTree │ ├── isarray@1.0.0
22 silly currentTree │ └── readable-stream@2.0.6
22 silly currentTree ├── config-chain@1.1.10
22 silly currentTree ├── content-disposition@0.5.1
22 silly currentTree ├── content-type@1.0.1
22 silly currentTree ├── convert-source-map@1.2.0
22 silly currentTree ├── cookie-signature@1.0.6
22 silly currentTree ├── cookie@0.1.5
22 silly currentTree ├── core-util-is@1.0.2
22 silly currentTree ├── cors@2.7.1
22 silly currentTree ├── crc@3.4.0
22 silly currentTree ├─┬ cross-spawn-async@2.1.9
22 silly currentTree │ └── lru-cache@4.0.1
22 silly currentTree ├── cross-spawn@2.1.5
22 silly currentTree ├── cryptiles@2.0.5
22 silly currentTree ├── d@0.1.1
22 silly currentTree ├── dargs@2.1.0
22 silly currentTree ├─┬ dashdash@1.13.0
22 silly currentTree │ └── assert-plus@1.0.0
22 silly currentTree ├── dateformat@1.0.12
22 silly currentTree ├── deap@1.0.0
22 silly currentTree ├── debug@2.2.0
22 silly currentTree ├── decamelize@1.2.0
22 silly currentTree ├── defaults@1.0.3
22 silly currentTree ├── delayed-stream@1.0.0
22 silly currentTree ├── delegates@1.0.0
22 silly currentTree ├── depd@1.1.0
22 silly currentTree ├── deprecated@0.0.1
22 silly currentTree ├── destroy@1.0.4
22 silly currentTree ├── diff@1.0.8
22 silly currentTree ├─┬ duplexer2@0.0.2
22 silly currentTree │ └── readable-stream@1.1.13
22 silly currentTree ├─┬ duplexify@3.4.3
22 silly currentTree │ ├── end-of-stream@1.0.0
22 silly currentTree │ ├── isarray@1.0.0
22 silly currentTree │ └── readable-stream@2.0.6
22 silly currentTree ├── each-async@1.1.1
22 silly currentTree ├── ecc-jsbn@0.1.1
22 silly currentTree ├── ee-first@1.1.1
22 silly currentTree ├── end-of-stream@0.1.5
22 silly currentTree ├── error-ex@1.3.0
22 silly currentTree ├── es5-ext@0.10.11
22 silly currentTree ├── es6-iterator@2.0.0
22 silly currentTree ├── es6-promise@3.0.2
22 silly currentTree ├── es6-symbol@3.0.2
22 silly currentTree ├── escape-html@1.0.3
22 silly currentTree ├── escape-string-regexp@1.0.5
22 silly currentTree ├── etag@1.7.0
22 silly currentTree ├─┬ express-session@1.13.0
22 silly currentTree │ └── cookie@0.2.3
22 silly currentTree ├─┬ express@4.13.4
22 silly currentTree │ ├── qs@4.0.0
22 silly currentTree │ └── vary@1.0.1
22 silly currentTree ├── extend@2.0.1
22 silly currentTree ├── extsprintf@1.0.2
22 silly currentTree ├── eyes@0.1.8
22 silly currentTree ├── fancy-log@1.2.0
22 silly currentTree ├── finalhandler@0.4.1
22 silly currentTree ├── find-index@0.1.1
22 silly currentTree ├── find-up@1.1.2
22 silly currentTree ├── findup-sync@0.3.0
22 silly currentTree ├── first-chunk-stream@1.0.0
22 silly currentTree ├── flagged-respawn@0.3.2
22 silly currentTree ├── forever-agent@0.6.1
22 silly currentTree ├── form-data@1.0.0-rc4
22 silly currentTree ├── forwarded@0.1.0
22 silly currentTree ├── fresh@0.3.0
22 silly currentTree ├── fstream@1.0.8
22 silly currentTree ├── gauge@1.2.7
22 silly currentTree ├── gaze@0.5.2
22 silly currentTree ├── generate-function@2.0.0
22 silly currentTree ├── generate-object-property@1.2.0
22 silly currentTree ├── get-stdin@4.0.1
22 silly currentTree ├─┬ glob-stream@3.1.18
22 silly currentTree │ ├── glob@4.5.3
22 silly currentTree │ ├── minimatch@2.0.10
22 silly currentTree │ ├── readable-stream@1.0.33
22 silly currentTree │ └── through2@0.6.5
22 silly currentTree ├── glob-watcher@0.0.6
22 silly currentTree ├── glob@5.0.15
22 silly currentTree ├── glob2base@0.0.12
22 silly currentTree ├─┬ globule@0.1.0
22 silly currentTree │ ├── glob@3.1.21
22 silly currentTree │ ├── graceful-fs@1.2.3
22 silly currentTree │ ├── inherits@1.0.2
22 silly currentTree │ └── minimatch@0.2.14
22 silly currentTree ├── glogg@1.0.0
22 silly currentTree ├── graceful-fs@4.1.3
22 silly currentTree ├── graceful-readlink@1.0.1
22 silly currentTree ├─┬ gulp-ruby-sass@2.0.6
22 silly currentTree │ ├── clone@0.2.0
22 silly currentTree │ ├─┬ glob-stream@4.1.1
22 silly currentTree │ │ └── glob@4.5.3
22 silly currentTree │ ├── glob-watcher@0.0.8
22 silly currentTree │ ├── graceful-fs@3.0.8
22 silly currentTree │ ├── minimatch@2.0.10
22 silly currentTree │ ├── object-assign@4.0.1
22 silly currentTree │ ├── readable-stream@1.0.33
22 silly currentTree │ ├── strip-bom@1.0.0
22 silly currentTree │ ├── through2@0.6.5
22 silly currentTree │ ├── unique-stream@2.2.1
22 silly currentTree │ ├─┬ vinyl-fs@1.0.0
22 silly currentTree │ │ └── object-assign@2.1.1
22 silly currentTree │ └── vinyl@0.4.6
22 silly currentTree ├─┬ gulp-sass@2.2.0
22 silly currentTree │ └── object-assign@4.0.1
22 silly currentTree ├── gulp-uglify@1.5.3
22 silly currentTree ├── gulp-util@3.0.7
22 silly currentTree ├─┬ gulp@3.9.1
22 silly currentTree │ └── semver@4.3.6
22 silly currentTree ├── gulplog@1.0.0
22 silly currentTree ├── har-validator@2.0.6
22 silly currentTree ├── has-ansi@2.0.0
22 silly currentTree ├── has-gulplog@0.1.0
22 silly currentTree ├── has-unicode@2.0.0
22 silly currentTree ├── hawk@3.1.3
22 silly currentTree ├── hoek@2.16.3
22 silly currentTree ├── hogan.js@2.0.0
22 silly currentTree ├── hooks-fixed@1.1.0
22 silly currentTree ├── hosted-git-info@2.1.4
22 silly currentTree ├── http-errors@1.4.0
22 silly currentTree ├── http-signature@1.1.1
22 silly currentTree ├── iconv-lite@0.4.13
22 silly currentTree ├── indent-string@2.1.0
22 silly currentTree ├── inflight@1.0.4
22 silly currentTree ├── inherits@2.0.1
22 silly currentTree ├── ini@1.3.4
22 silly currentTree ├── interpret@1.0.0
22 silly currentTree ├── invert-kv@1.0.0
22 silly currentTree ├── ipaddr.js@1.0.5
22 silly currentTree ├── is-absolute@0.1.7
22 silly currentTree ├── is-arrayish@0.2.1
22 silly currentTree ├── is-buffer@1.1.3
22 silly currentTree ├── is-builtin-module@1.0.0
22 silly currentTree ├── is-finite@1.0.1
22 silly currentTree ├── is-fullwidth-code-point@1.0.0
22 silly currentTree ├── is-my-json-valid@2.13.1
22 silly currentTree ├── is-property@1.0.2
22 silly currentTree ├── is-relative@0.1.3
22 silly currentTree ├── is-typedarray@1.0.0
22 silly currentTree ├── is-utf8@0.2.1
22 silly currentTree ├── isarray@0.0.1
22 silly currentTree ├── isexe@1.1.2
22 silly currentTree ├── isobject@2.0.0
22 silly currentTree ├── isstream@0.1.2
22 silly currentTree ├── jodid25519@1.0.2
22 silly currentTree ├── jsbn@0.1.0
22 silly currentTree ├── json-schema@0.2.2
22 silly currentTree ├── json-stable-stringify@1.0.1
22 silly currentTree ├── json-stringify-safe@5.0.1
22 silly currentTree ├── jsonify@0.0.0
22 silly currentTree ├── jsonpointer@2.0.0
22 silly currentTree ├── jsprim@1.2.2
22 silly currentTree ├── kareem@1.0.1
22 silly currentTree ├── kind-of@3.0.2
22 silly currentTree ├── lazy-cache@1.0.3
22 silly currentTree ├── lcid@1.0.0
22 silly currentTree ├── liftoff@2.2.1
22 silly currentTree ├── load-json-file@1.1.0
22 silly currentTree ├── lodash._basecopy@3.0.1
22 silly currentTree ├── lodash._basetostring@3.0.1
22 silly currentTree ├── lodash._basevalues@3.0.0
22 silly currentTree ├── lodash._getnative@3.9.1
22 silly currentTree ├── lodash._isiterateecall@3.0.9
22 silly currentTree ├── lodash._reescape@3.0.0
22 silly currentTree ├── lodash._reevaluate@3.0.0
22 silly currentTree ├── lodash._reinterpolate@3.0.0
22 silly currentTree ├── lodash._root@3.0.1
22 silly currentTree ├── lodash.escape@3.2.0
22 silly currentTree ├── lodash.isarguments@3.0.8
22 silly currentTree ├── lodash.isarray@3.0.4
22 silly currentTree ├── lodash.keys@3.1.2
22 silly currentTree ├── lodash.pad@4.1.0
22 silly currentTree ├── lodash.padend@4.2.0
22 silly currentTree ├── lodash.padstart@4.2.0
22 silly currentTree ├── lodash.repeat@4.0.0
22 silly currentTree ├── lodash.restparam@3.6.1
22 silly currentTree ├── lodash.template@3.6.2
22 silly currentTree ├── lodash.templatesettings@3.1.1
22 silly currentTree ├── lodash.tostring@4.1.2
22 silly currentTree ├── lodash@1.0.2
22 silly currentTree ├── longest@1.0.1
22 silly currentTree ├── loud-rejection@1.3.0
22 silly currentTree ├── lru-cache@2.7.3
22 silly currentTree ├── map-obj@1.0.1
22 silly currentTree ├── md5-hex@1.2.1
22 silly currentTree ├── md5-o-matic@0.1.1
22 silly currentTree ├── media-typer@0.3.0
22 silly currentTree ├─┬ meow@3.7.0
22 silly currentTree │ └── object-assign@4.0.1
22 silly currentTree ├── merge-descriptors@1.0.1
22 silly currentTree ├─┬ merge-stream@0.1.8
22 silly currentTree │ ├── readable-stream@1.0.33
22 silly currentTree │ └── through2@0.6.5
22 silly currentTree ├── methods@1.1.2
22 silly currentTree ├── mime-db@1.22.0
22 silly currentTree ├── mime-types@2.1.10
22 silly currentTree ├── mime@1.3.4
22 silly currentTree ├── minimatch@3.0.0
22 silly currentTree ├── minimist@1.2.0
22 silly currentTree ├─┬ mkdirp@0.5.1
22 silly currentTree │ └── minimist@0.0.8
22 silly currentTree ├── mongodb-core@1.3.5
22 silly currentTree ├── mongodb@2.1.8
22 silly currentTree ├── mongoose-deep-populate@3.0.0
22 silly currentTree ├── mongoose@4.4.8
22 silly currentTree ├── mpath@0.2.1
22 silly currentTree ├── mpromise@0.5.5
22 silly currentTree ├─┬ mquery@1.10.0
22 silly currentTree │ └── sliced@0.0.5
22 silly currentTree ├── ms@0.7.1
22 silly currentTree ├── multipipe@0.1.2
22 silly currentTree ├── muri@1.1.0
22 silly currentTree ├── nan@2.2.0
22 silly currentTree ├── negotiator@0.5.3
22 silly currentTree ├─┬ node-gyp@3.3.1
22 silly currentTree │ ├─┬ glob@4.5.3
22 silly currentTree │ │ └── minimatch@2.0.10
22 silly currentTree │ └── minimatch@1.0.0
22 silly currentTree ├── node-sass@3.4.2
22 silly currentTree ├── node-uuid@1.4.7
22 silly currentTree ├── nopt@3.0.6
22 silly currentTree ├── normalize-package-data@2.3.5
22 silly currentTree ├─┬ npmconf@2.1.2
22 silly currentTree │ └── semver@4.3.6
22 silly currentTree ├── npmlog@2.0.3
22 silly currentTree ├── number-is-nan@1.0.0
22 silly currentTree ├── oauth-sign@0.8.1
22 silly currentTree ├── object-assign@3.0.0
22 silly currentTree ├── on-finished@2.3.0
22 silly currentTree ├── on-headers@1.0.1
22 silly currentTree ├── once@1.3.3
22 silly currentTree ├── onetime@1.1.0
22 silly currentTree ├── optimist@0.3.7
22 silly currentTree ├── orchestrator@0.3.7
22 silly currentTree ├── ordered-read-streams@0.1.0
22 silly currentTree ├── os-homedir@1.0.1
22 silly currentTree ├── os-locale@1.4.0
22 silly currentTree ├── os-shim@0.1.3
22 silly currentTree ├── os-tmpdir@1.0.1
22 silly currentTree ├── osenv@0.1.3
22 silly currentTree ├── over@0.0.5
22 silly currentTree ├── parse-json@2.2.0
22 silly currentTree ├── parseurl@1.3.1
22 silly currentTree ├── path-array@1.0.1
22 silly currentTree ├── path-exists@2.1.0
22 silly currentTree ├── path-is-absolute@1.0.0
22 silly currentTree ├── path-to-regexp@0.1.7
22 silly currentTree ├── path-type@1.1.0
22 silly currentTree ├── pify@2.3.0
22 silly currentTree ├── pinkie-promise@2.0.0
22 silly currentTree ├── pinkie@2.0.4
22 silly currentTree ├── pretty-hrtime@1.0.2
22 silly currentTree ├── process-nextick-args@1.0.6
22 silly currentTree ├── proto-list@1.2.4
22 silly currentTree ├── proxy-addr@1.0.10
22 silly currentTree ├── pseudomap@1.0.2
22 silly currentTree ├── pullstream@0.0.4
22 silly currentTree ├── qs@6.1.0
22 silly currentTree ├── range-parser@1.0.3
22 silly currentTree ├─┬ raw-body@2.1.6
22 silly currentTree │ └── bytes@2.3.0
22 silly currentTree ├─┬ rc@0.0.8
22 silly currentTree │ ├── config-chain@0.3.4
22 silly currentTree │ └── ini@1.0.5
22 silly currentTree ├─┬ read-package-json@0.1.13
22 silly currentTree │ ├── glob@3.1.21
22 silly currentTree │ ├── graceful-fs@1.2.3
22 silly currentTree │ ├── inherits@1.0.2
22 silly currentTree │ ├── lru-cache@2.0.4
22 silly currentTree │ ├── minimatch@0.2.14
22 silly currentTree │ ├── npmlog@0.1.1
22 silly currentTree │ └── semver@1.1.4
22 silly currentTree ├── read-pkg-up@1.0.1
22 silly currentTree ├── read-pkg@1.1.0
22 silly currentTree ├── readable-stream@1.0.31
22 silly currentTree ├── rechoir@0.6.2
22 silly currentTree ├── redent@1.0.0
22 silly currentTree ├── regexp-clone@0.0.1
22 silly currentTree ├── repeat-string@1.5.4
22 silly currentTree ├── repeating@2.0.0
22 silly currentTree ├── replace-ext@0.0.1
22 silly currentTree ├─┬ request@2.69.0
22 silly currentTree │ ├── extend@3.0.0
22 silly currentTree │ └── qs@6.0.2
22 silly currentTree ├── require_optional@1.0.0
22 silly currentTree ├── resolve-from@2.0.0
22 silly currentTree ├── resolve@1.1.7
22 silly currentTree ├── right-align@0.1.3
22 silly currentTree ├─┬ rimraf@2.5.2
22 silly currentTree │ └── glob@7.0.3
22 silly currentTree ├─┬ sass-graph@2.1.1
22 silly currentTree │ ├── glob@6.0.4
22 silly currentTree │ └── lodash@4.6.1
22 silly currentTree ├── semver@5.1.0
22 silly currentTree ├─┬ send@0.13.1
22 silly currentTree │ └── http-errors@1.3.1
22 silly currentTree ├── sequencify@0.0.7
22 silly currentTree ├── serve-static@1.10.2
22 silly currentTree ├── set-immediate-shim@1.0.1
22 silly currentTree ├── sigmund@1.0.1
22 silly currentTree ├── signal-exit@2.1.2
22 silly currentTree ├── sliced@1.0.1
22 silly currentTree ├── slide@1.1.6
22 silly currentTree ├── sntp@1.0.9
22 silly currentTree ├── source-map@0.5.3
22 silly currentTree ├── sparkles@1.0.0
22 silly currentTree ├── spawn-sync@1.0.15
22 silly currentTree ├── spdx-correct@1.0.2
22 silly currentTree ├── spdx-exceptions@1.0.4
22 silly currentTree ├── spdx-expression-parse@1.0.2
22 silly currentTree ├── spdx-license-ids@1.2.0
22 silly currentTree ├── sshpk@1.7.4
22 silly currentTree ├── stable@0.1.5
22 silly currentTree ├── statuses@1.2.1
22 silly currentTree ├── stream-buffers@0.2.6
22 silly currentTree ├── stream-consume@0.1.0
22 silly currentTree ├── string_decoder@0.10.31
22 silly currentTree ├── string-width@1.0.1
22 silly currentTree ├── stringstream@0.0.5
22 silly currentTree ├── strip-ansi@3.0.1
22 silly currentTree ├── strip-bom@2.0.0
22 silly currentTree ├── strip-indent@1.0.1
22 silly currentTree ├── supports-color@2.0.0
22 silly currentTree ├── tar@2.2.1
22 silly currentTree ├── through2-filter@2.0.0
22 silly currentTree ├─┬ through2@2.0.1
22 silly currentTree │ ├── isarray@1.0.0
22 silly currentTree │ └── readable-stream@2.0.6
22 silly currentTree ├── tildify@1.1.2
22 silly currentTree ├── time-stamp@1.0.0
22 silly currentTree ├── tmp@0.0.28
22 silly currentTree ├── tough-cookie@2.2.2
22 silly currentTree ├── traverse@0.3.9
22 silly currentTree ├── trim-newlines@1.0.0
22 silly currentTree ├── tunnel-agent@0.4.2
22 silly currentTree ├── tweetnacl@0.14.2
22 silly currentTree ├── type-is@1.6.12
22 silly currentTree ├── typedarray@0.0.6
22 silly currentTree ├─┬ uglify-js@2.6.2
22 silly currentTree │ ├── async@0.2.10
22 silly currentTree │ ├── camelcase@1.2.1
22 silly currentTree │ ├── cliui@2.1.0
22 silly currentTree │ ├── window-size@0.1.0
22 silly currentTree │ └── yargs@3.10.0
22 silly currentTree ├── uglify-save-license@0.4.1
22 silly currentTree ├── uglify-to-browserify@1.0.2
22 silly currentTree ├── uid-number@0.0.5
22 silly currentTree ├── uid-safe@2.0.0
22 silly currentTree ├── unique-stream@1.0.0
22 silly currentTree ├── unpipe@1.0.0
22 silly currentTree ├─┬ unzip@0.0.4
22 silly currentTree │ ├── fstream@0.1.31
22 silly currentTree │ └── graceful-fs@3.0.8
22 silly currentTree ├── user-home@1.1.1
22 silly currentTree ├── util-deprecate@1.0.2
22 silly currentTree ├── utils-merge@1.0.0
22 silly currentTree ├── v8flags@2.0.11
22 silly currentTree ├── validate-npm-package-license@3.0.1
22 silly currentTree ├── vary@1.1.0
22 silly currentTree ├── verror@1.3.6
22 silly currentTree ├─┬ vinyl-fs@0.3.14
22 silly currentTree │ ├── clone@0.2.0
22 silly currentTree │ ├── graceful-fs@3.0.8
22 silly currentTree │ ├── readable-stream@1.0.33
22 silly currentTree │ ├── strip-bom@1.0.0
22 silly currentTree │ ├── through2@0.6.5
22 silly currentTree │ └── vinyl@0.4.6
22 silly currentTree ├── vinyl-sourcemaps-apply@0.2.1
22 silly currentTree ├── vinyl@0.5.3
22 silly currentTree ├── vows@0.6.4
22 silly currentTree ├── which@1.2.4
22 silly currentTree ├── window-size@0.1.4
22 silly currentTree ├── wordwrap@0.0.2
22 silly currentTree ├── wrap-ansi@2.0.0
22 silly currentTree ├── wrappy@1.0.1
22 silly currentTree ├── xtend@4.0.1
22 silly currentTree ├── y18n@3.2.1
22 silly currentTree ├── yallist@2.0.0
22 silly currentTree └── yargs@3.32.0
23 silly idealTree nti-go@1.0.0
23 silly idealTree ├── abbrev@1.0.7
23 silly idealTree ├── accepts@1.2.13
23 silly idealTree ├── align-text@0.1.4
23 silly idealTree ├── angular@1.5.2
23 silly idealTree ├── ansi-regex@2.0.0
23 silly idealTree ├── ansi-styles@2.2.0
23 silly idealTree ├── ansi@0.3.1
23 silly idealTree ├── archy@1.0.0
23 silly idealTree ├─┬ are-we-there-yet@1.1.2
23 silly idealTree │ ├── isarray@1.0.0
23 silly idealTree │ └── readable-stream@2.0.6
23 silly idealTree ├── array-differ@1.0.0
23 silly idealTree ├── array-find-index@1.0.1
23 silly idealTree ├── array-flatten@1.1.1
23 silly idealTree ├── array-index@1.0.0
23 silly idealTree ├── array-uniq@1.0.2
23 silly idealTree ├── asn1@0.2.3
23 silly idealTree ├── assert-plus@0.2.0
23 silly idealTree ├── async-foreach@0.1.3
23 silly idealTree ├── async@1.5.2
23 silly idealTree ├── aws-sign2@0.6.0
23 silly idealTree ├─┬ aws4@1.3.2
23 silly idealTree │ └── lru-cache@4.0.1
23 silly idealTree ├── balanced-match@0.3.0
23 silly idealTree ├── base64-url@1.2.1
23 silly idealTree ├── beeper@1.1.0
23 silly idealTree ├── binary@0.3.0
23 silly idealTree ├─┬ bl@1.0.3
23 silly idealTree │ ├── isarray@1.0.0
23 silly idealTree │ └── readable-stream@2.0.6
23 silly idealTree ├── block-stream@0.0.9
23 silly idealTree ├── bluebird@2.10.2
23 silly idealTree ├── body-parser@1.15.0
23 silly idealTree ├── boom@2.10.1
23 silly idealTree ├─┬ bower@0.6.8
23 silly idealTree │ ├── archy@0.0.2
23 silly idealTree │ ├── async@0.1.22
23 silly idealTree │ ├─┬ fstream@0.1.31
23 silly idealTree │ │ └── mkdirp@0.5.1
23 silly idealTree │ ├─┬ glob@3.1.21
23 silly idealTree │ │ ├── graceful-fs@1.2.3
23 silly idealTree │ │ └── inherits@1.0.2
23 silly idealTree │ ├── graceful-fs@3.0.8
23 silly idealTree │ ├── lodash@0.9.2
23 silly idealTree │ ├── minimatch@0.2.14
23 silly idealTree │ ├── minimist@0.0.8
23 silly idealTree │ ├── mkdirp@0.3.5
23 silly idealTree │ ├── nopt@2.0.0
23 silly idealTree │ ├─┬ request@2.11.4
23 silly idealTree │ │ ├─┬ form-data@0.0.3
23 silly idealTree │ │ │ ├── async@0.1.9
23 silly idealTree │ │ │ └─┬ combined-stream@0.0.3
23 silly idealTree │ │ │   └── delayed-stream@0.0.5
23 silly idealTree │ │ └── mime@1.2.7
23 silly idealTree │ ├─┬ rimraf@2.0.3
23 silly idealTree │ │ └── graceful-fs@1.1.14
23 silly idealTree │ ├── semver@1.1.4
23 silly idealTree │ └── tar@0.1.20
23 silly idealTree ├── brace-expansion@1.1.3
23 silly idealTree ├── bson@0.4.21
23 silly idealTree ├── buffers@0.1.1
23 silly idealTree ├── builtin-modules@1.1.1
23 silly idealTree ├── bytes@2.2.0
23 silly idealTree ├── camelcase-keys@2.1.0
23 silly idealTree ├── camelcase@2.1.1
23 silly idealTree ├── caseless@0.11.0
23 silly idealTree ├── center-align@0.1.3
23 silly idealTree ├── chainsaw@0.1.0
23 silly idealTree ├── chalk@1.1.1
23 silly idealTree ├── cliui@3.1.1
23 silly idealTree ├── clone-stats@0.0.1
23 silly idealTree ├── clone@1.0.2
23 silly idealTree ├── code-point-at@1.0.0
23 silly idealTree ├── color-convert@1.0.0
23 silly idealTree ├── colors@0.6.2
23 silly idealTree ├── combined-stream@1.0.5
23 silly idealTree ├── commander@2.9.0
23 silly idealTree ├── concat-map@0.0.1
23 silly idealTree ├─┬ concat-stream@1.5.1
23 silly idealTree │ ├── isarray@1.0.0
23 silly idealTree │ └── readable-stream@2.0.6
23 silly idealTree ├── config-chain@1.1.10
23 silly idealTree ├── content-disposition@0.5.1
23 silly idealTree ├── content-type@1.0.1
23 silly idealTree ├── convert-source-map@1.2.0
23 silly idealTree ├── cookie-signature@1.0.6
23 silly idealTree ├── cookie@0.1.5
23 silly idealTree ├── core-util-is@1.0.2
23 silly idealTree ├── cors@2.7.1
23 silly idealTree ├── crc@3.4.0
23 silly idealTree ├─┬ cross-spawn-async@2.1.9
23 silly idealTree │ └── lru-cache@4.0.1
23 silly idealTree ├── cross-spawn@2.1.5
23 silly idealTree ├── cryptiles@2.0.5
23 silly idealTree ├── d@0.1.1
23 silly idealTree ├── dargs@2.1.0
23 silly idealTree ├─┬ dashdash@1.13.0
23 silly idealTree │ └── assert-plus@1.0.0
23 silly idealTree ├── dateformat@1.0.12
23 silly idealTree ├── deap@1.0.0
23 silly idealTree ├── debug@2.2.0
23 silly idealTree ├── decamelize@1.2.0
23 silly idealTree ├── defaults@1.0.3
23 silly idealTree ├── delayed-stream@1.0.0
23 silly idealTree ├── delegates@1.0.0
23 silly idealTree ├── depd@1.1.0
23 silly idealTree ├── deprecated@0.0.1
23 silly idealTree ├── destroy@1.0.4
23 silly idealTree ├── diff@1.0.8
23 silly idealTree ├─┬ duplexer2@0.0.2
23 silly idealTree │ └── readable-stream@1.1.13
23 silly idealTree ├─┬ duplexify@3.4.3
23 silly idealTree │ ├── end-of-stream@1.0.0
23 silly idealTree │ ├── isarray@1.0.0
23 silly idealTree │ └── readable-stream@2.0.6
23 silly idealTree ├── each-async@1.1.1
23 silly idealTree ├── ecc-jsbn@0.1.1
23 silly idealTree ├── ee-first@1.1.1
23 silly idealTree ├── end-of-stream@0.1.5
23 silly idealTree ├── error-ex@1.3.0
23 silly idealTree ├── es5-ext@0.10.11
23 silly idealTree ├── es6-iterator@2.0.0
23 silly idealTree ├── es6-promise@3.0.2
23 silly idealTree ├── es6-symbol@3.0.2
23 silly idealTree ├── escape-html@1.0.3
23 silly idealTree ├── escape-string-regexp@1.0.5
23 silly idealTree ├── etag@1.7.0
23 silly idealTree ├─┬ express-session@1.13.0
23 silly idealTree │ └── cookie@0.2.3
23 silly idealTree ├─┬ express@4.13.4
23 silly idealTree │ ├── qs@4.0.0
23 silly idealTree │ └── vary@1.0.1
23 silly idealTree ├── extend@2.0.1
23 silly idealTree ├── extsprintf@1.0.2
23 silly idealTree ├── eyes@0.1.8
23 silly idealTree ├── fancy-log@1.2.0
23 silly idealTree ├── finalhandler@0.4.1
23 silly idealTree ├── find-index@0.1.1
23 silly idealTree ├── find-up@1.1.2
23 silly idealTree ├── findup-sync@0.3.0
23 silly idealTree ├── first-chunk-stream@1.0.0
23 silly idealTree ├── flagged-respawn@0.3.2
23 silly idealTree ├── forever-agent@0.6.1
23 silly idealTree ├── form-data@1.0.0-rc4
23 silly idealTree ├── forwarded@0.1.0
23 silly idealTree ├── fresh@0.3.0
23 silly idealTree ├── fstream@1.0.8
23 silly idealTree ├── gauge@1.2.7
23 silly idealTree ├── gaze@0.5.2
23 silly idealTree ├── generate-function@2.0.0
23 silly idealTree ├── generate-object-property@1.2.0
23 silly idealTree ├── get-stdin@4.0.1
23 silly idealTree ├─┬ glob-stream@3.1.18
23 silly idealTree │ ├── glob@4.5.3
23 silly idealTree │ ├── minimatch@2.0.10
23 silly idealTree │ ├── readable-stream@1.0.33
23 silly idealTree │ └── through2@0.6.5
23 silly idealTree ├── glob-watcher@0.0.6
23 silly idealTree ├── glob@5.0.15
23 silly idealTree ├── glob2base@0.0.12
23 silly idealTree ├─┬ globule@0.1.0
23 silly idealTree │ ├── glob@3.1.21
23 silly idealTree │ ├── graceful-fs@1.2.3
23 silly idealTree │ ├── inherits@1.0.2
23 silly idealTree │ └── minimatch@0.2.14
23 silly idealTree ├── glogg@1.0.0
23 silly idealTree ├── graceful-fs@4.1.3
23 silly idealTree ├── graceful-readlink@1.0.1
23 silly idealTree ├─┬ gulp-ruby-sass@2.0.6
23 silly idealTree │ ├── clone@0.2.0
23 silly idealTree │ ├─┬ glob-stream@4.1.1
23 silly idealTree │ │ └── glob@4.5.3
23 silly idealTree │ ├── glob-watcher@0.0.8
23 silly idealTree │ ├── graceful-fs@3.0.8
23 silly idealTree │ ├── minimatch@2.0.10
23 silly idealTree │ ├── object-assign@4.0.1
23 silly idealTree │ ├── readable-stream@1.0.33
23 silly idealTree │ ├── strip-bom@1.0.0
23 silly idealTree │ ├── through2@0.6.5
23 silly idealTree │ ├── unique-stream@2.2.1
23 silly idealTree │ ├─┬ vinyl-fs@1.0.0
23 silly idealTree │ │ └── object-assign@2.1.1
23 silly idealTree │ └── vinyl@0.4.6
23 silly idealTree ├─┬ gulp-sass@2.2.0
23 silly idealTree │ └── object-assign@4.0.1
23 silly idealTree ├── gulp-uglify@1.5.3
23 silly idealTree ├── gulp-util@3.0.7
23 silly idealTree ├─┬ gulp@3.9.1
23 silly idealTree │ └── semver@4.3.6
23 silly idealTree ├── gulplog@1.0.0
23 silly idealTree ├── har-validator@2.0.6
23 silly idealTree ├── has-ansi@2.0.0
23 silly idealTree ├── has-gulplog@0.1.0
23 silly idealTree ├── has-unicode@2.0.0
23 silly idealTree ├── hawk@3.1.3
23 silly idealTree ├── hoek@2.16.3
23 silly idealTree ├── hogan.js@2.0.0
23 silly idealTree ├── hooks-fixed@1.1.0
23 silly idealTree ├── hosted-git-info@2.1.4
23 silly idealTree ├── http-errors@1.4.0
23 silly idealTree ├── http-signature@1.1.1
23 silly idealTree ├── iconv-lite@0.4.13
23 silly idealTree ├── indent-string@2.1.0
23 silly idealTree ├── inflight@1.0.4
23 silly idealTree ├── inherits@2.0.1
23 silly idealTree ├── ini@1.3.4
23 silly idealTree ├── interpret@1.0.0
23 silly idealTree ├── invert-kv@1.0.0
23 silly idealTree ├── ipaddr.js@1.0.5
23 silly idealTree ├── is-absolute@0.1.7
23 silly idealTree ├── is-arrayish@0.2.1
23 silly idealTree ├── is-buffer@1.1.3
23 silly idealTree ├── is-builtin-module@1.0.0
23 silly idealTree ├── is-finite@1.0.1
23 silly idealTree ├── is-fullwidth-code-point@1.0.0
23 silly idealTree ├── is-my-json-valid@2.13.1
23 silly idealTree ├── is-property@1.0.2
23 silly idealTree ├── is-relative@0.1.3
23 silly idealTree ├── is-typedarray@1.0.0
23 silly idealTree ├── is-utf8@0.2.1
23 silly idealTree ├── isarray@0.0.1
23 silly idealTree ├── isexe@1.1.2
23 silly idealTree ├── isobject@2.0.0
23 silly idealTree ├── isstream@0.1.2
23 silly idealTree ├── jodid25519@1.0.2
23 silly idealTree ├── jsbn@0.1.0
23 silly idealTree ├── json-schema@0.2.2
23 silly idealTree ├── json-stable-stringify@1.0.1
23 silly idealTree ├── json-stringify-safe@5.0.1
23 silly idealTree ├── jsonify@0.0.0
23 silly idealTree ├── jsonpointer@2.0.0
23 silly idealTree ├── jsprim@1.2.2
23 silly idealTree ├── kareem@1.0.1
23 silly idealTree ├── kind-of@3.0.2
23 silly idealTree ├── lazy-cache@1.0.3
23 silly idealTree ├── lcid@1.0.0
23 silly idealTree ├── liftoff@2.2.1
23 silly idealTree ├── load-json-file@1.1.0
23 silly idealTree ├── lodash._basecopy@3.0.1
23 silly idealTree ├── lodash._basetostring@3.0.1
23 silly idealTree ├── lodash._basevalues@3.0.0
23 silly idealTree ├── lodash._getnative@3.9.1
23 silly idealTree ├── lodash._isiterateecall@3.0.9
23 silly idealTree ├── lodash._reescape@3.0.0
23 silly idealTree ├── lodash._reevaluate@3.0.0
23 silly idealTree ├── lodash._reinterpolate@3.0.0
23 silly idealTree ├── lodash._root@3.0.1
23 silly idealTree ├── lodash.escape@3.2.0
23 silly idealTree ├── lodash.isarguments@3.0.8
23 silly idealTree ├── lodash.isarray@3.0.4
23 silly idealTree ├── lodash.keys@3.1.2
23 silly idealTree ├── lodash.pad@4.1.0
23 silly idealTree ├── lodash.padend@4.2.0
23 silly idealTree ├── lodash.padstart@4.2.0
23 silly idealTree ├── lodash.repeat@4.0.0
23 silly idealTree ├── lodash.restparam@3.6.1
23 silly idealTree ├── lodash.template@3.6.2
23 silly idealTree ├── lodash.templatesettings@3.1.1
23 silly idealTree ├── lodash.tostring@4.1.2
23 silly idealTree ├── lodash@1.0.2
23 silly idealTree ├── longest@1.0.1
23 silly idealTree ├── loud-rejection@1.3.0
23 silly idealTree ├── lru-cache@2.7.3
23 silly idealTree ├── map-obj@1.0.1
23 silly idealTree ├── md5-hex@1.2.1
23 silly idealTree ├── md5-o-matic@0.1.1
23 silly idealTree ├── media-typer@0.3.0
23 silly idealTree ├─┬ meow@3.7.0
23 silly idealTree │ └── object-assign@4.0.1
23 silly idealTree ├── merge-descriptors@1.0.1
23 silly idealTree ├─┬ merge-stream@0.1.8
23 silly idealTree │ ├── readable-stream@1.0.33
23 silly idealTree │ └── through2@0.6.5
23 silly idealTree ├── methods@1.1.2
23 silly idealTree ├── mime-db@1.22.0
23 silly idealTree ├── mime-types@2.1.10
23 silly idealTree ├── mime@1.3.4
23 silly idealTree ├── minimatch@3.0.0
23 silly idealTree ├── minimist@1.2.0
23 silly idealTree ├─┬ mkdirp@0.5.1
23 silly idealTree │ └── minimist@0.0.8
23 silly idealTree ├── mongodb-core@1.3.5
23 silly idealTree ├── mongodb@2.1.8
23 silly idealTree ├── mongoose-deep-populate@3.0.0
23 silly idealTree ├── mongoose@4.4.8
23 silly idealTree ├── mpath@0.2.1
23 silly idealTree ├── mpromise@0.5.5
23 silly idealTree ├─┬ mquery@1.10.0
23 silly idealTree │ └── sliced@0.0.5
23 silly idealTree ├── ms@0.7.1
23 silly idealTree ├── multipipe@0.1.2
23 silly idealTree ├── muri@1.1.0
23 silly idealTree ├── nan@2.2.0
23 silly idealTree ├── negotiator@0.5.3
23 silly idealTree ├─┬ node-gyp@3.3.1
23 silly idealTree │ ├─┬ glob@4.5.3
23 silly idealTree │ │ └── minimatch@2.0.10
23 silly idealTree │ └── minimatch@1.0.0
23 silly idealTree ├── node-sass@3.4.2
23 silly idealTree ├── node-uuid@1.4.7
23 silly idealTree ├── nopt@3.0.6
23 silly idealTree ├── normalize-package-data@2.3.5
23 silly idealTree ├─┬ npmconf@2.1.2
23 silly idealTree │ └── semver@4.3.6
23 silly idealTree ├── npmlog@2.0.3
23 silly idealTree ├── number-is-nan@1.0.0
23 silly idealTree ├── oauth-sign@0.8.1
23 silly idealTree ├── object-assign@3.0.0
23 silly idealTree ├── on-finished@2.3.0
23 silly idealTree ├── on-headers@1.0.1
23 silly idealTree ├── once@1.3.3
23 silly idealTree ├── onetime@1.1.0
23 silly idealTree ├── optimist@0.3.7
23 silly idealTree ├── orchestrator@0.3.7
23 silly idealTree ├── ordered-read-streams@0.1.0
23 silly idealTree ├── os-homedir@1.0.1
23 silly idealTree ├── os-locale@1.4.0
23 silly idealTree ├── os-shim@0.1.3
23 silly idealTree ├── os-tmpdir@1.0.1
23 silly idealTree ├── osenv@0.1.3
23 silly idealTree ├── over@0.0.5
23 silly idealTree ├── parse-json@2.2.0
23 silly idealTree ├── parseurl@1.3.1
23 silly idealTree ├── path-array@1.0.1
23 silly idealTree ├── path-exists@2.1.0
23 silly idealTree ├── path-is-absolute@1.0.0
23 silly idealTree ├── path-to-regexp@0.1.7
23 silly idealTree ├── path-type@1.1.0
23 silly idealTree ├── pify@2.3.0
23 silly idealTree ├── pinkie-promise@2.0.0
23 silly idealTree ├── pinkie@2.0.4
23 silly idealTree ├── pretty-hrtime@1.0.2
23 silly idealTree ├── process-nextick-args@1.0.6
23 silly idealTree ├── proto-list@1.2.4
23 silly idealTree ├── proxy-addr@1.0.10
23 silly idealTree ├── pseudomap@1.0.2
23 silly idealTree ├── pullstream@0.0.4
23 silly idealTree ├── qs@6.1.0
23 silly idealTree ├── range-parser@1.0.3
23 silly idealTree ├─┬ raw-body@2.1.6
23 silly idealTree │ └── bytes@2.3.0
23 silly idealTree ├─┬ rc@0.0.8
23 silly idealTree │ ├── config-chain@0.3.4
23 silly idealTree │ └── ini@1.0.5
23 silly idealTree ├─┬ read-package-json@0.1.13
23 silly idealTree │ ├── glob@3.1.21
23 silly idealTree │ ├── graceful-fs@1.2.3
23 silly idealTree │ ├── inherits@1.0.2
23 silly idealTree │ ├── lru-cache@2.0.4
23 silly idealTree │ ├── minimatch@0.2.14
23 silly idealTree │ ├── npmlog@0.1.1
23 silly idealTree │ └── semver@1.1.4
23 silly idealTree ├── read-pkg-up@1.0.1
23 silly idealTree ├── read-pkg@1.1.0
23 silly idealTree ├── readable-stream@1.0.31
23 silly idealTree ├── rechoir@0.6.2
23 silly idealTree ├── redent@1.0.0
23 silly idealTree ├── regexp-clone@0.0.1
23 silly idealTree ├── repeat-string@1.5.4
23 silly idealTree ├── repeating@2.0.0
23 silly idealTree ├── replace-ext@0.0.1
23 silly idealTree ├─┬ request@2.69.0
23 silly idealTree │ ├── extend@3.0.0
23 silly idealTree │ └── qs@6.0.2
23 silly idealTree ├── require_optional@1.0.0
23 silly idealTree ├── resolve-from@2.0.0
23 silly idealTree ├── resolve@1.1.7
23 silly idealTree ├── right-align@0.1.3
23 silly idealTree ├─┬ rimraf@2.5.2
23 silly idealTree │ └── glob@7.0.3
23 silly idealTree ├─┬ sass-graph@2.1.1
23 silly idealTree │ ├── glob@6.0.4
23 silly idealTree │ └── lodash@4.6.1
23 silly idealTree ├── semver@5.1.0
23 silly idealTree ├─┬ send@0.13.1
23 silly idealTree │ └── http-errors@1.3.1
23 silly idealTree ├── sequencify@0.0.7
23 silly idealTree ├── serve-static@1.10.2
23 silly idealTree ├── set-immediate-shim@1.0.1
23 silly idealTree ├── sigmund@1.0.1
23 silly idealTree ├── signal-exit@2.1.2
23 silly idealTree ├── sliced@1.0.1
23 silly idealTree ├── slide@1.1.6
23 silly idealTree ├── sntp@1.0.9
23 silly idealTree ├── source-map@0.5.3
23 silly idealTree ├── sparkles@1.0.0
23 silly idealTree ├── spawn-sync@1.0.15
23 silly idealTree ├── spdx-correct@1.0.2
23 silly idealTree ├── spdx-exceptions@1.0.4
23 silly idealTree ├── spdx-expression-parse@1.0.2
23 silly idealTree ├── spdx-license-ids@1.2.0
23 silly idealTree ├── sshpk@1.7.4
23 silly idealTree ├── stable@0.1.5
23 silly idealTree ├── statuses@1.2.1
23 silly idealTree ├── stream-buffers@0.2.6
23 silly idealTree ├── stream-consume@0.1.0
23 silly idealTree ├── string_decoder@0.10.31
23 silly idealTree ├── string-width@1.0.1
23 silly idealTree ├── stringstream@0.0.5
23 silly idealTree ├── strip-ansi@3.0.1
23 silly idealTree ├── strip-bom@2.0.0
23 silly idealTree ├── strip-indent@1.0.1
23 silly idealTree ├── supports-color@2.0.0
23 silly idealTree ├── tar@2.2.1
23 silly idealTree ├── through2-filter@2.0.0
23 silly idealTree ├─┬ through2@2.0.1
23 silly idealTree │ ├── isarray@1.0.0
23 silly idealTree │ └── readable-stream@2.0.6
23 silly idealTree ├── tildify@1.1.2
23 silly idealTree ├── time-stamp@1.0.0
23 silly idealTree ├── tmp@0.0.28
23 silly idealTree ├── tough-cookie@2.2.2
23 silly idealTree ├── traverse@0.3.9
23 silly idealTree ├── trim-newlines@1.0.0
23 silly idealTree ├── tunnel-agent@0.4.2
23 silly idealTree ├── tweetnacl@0.14.2
23 silly idealTree ├── type-is@1.6.12
23 silly idealTree ├── typedarray@0.0.6
23 silly idealTree ├─┬ uglify-js@2.6.2
23 silly idealTree │ ├── async@0.2.10
23 silly idealTree │ ├── camelcase@1.2.1
23 silly idealTree │ ├── cliui@2.1.0
23 silly idealTree │ ├── window-size@0.1.0
23 silly idealTree │ └── yargs@3.10.0
23 silly idealTree ├── uglify-save-license@0.4.1
23 silly idealTree ├── uglify-to-browserify@1.0.2
23 silly idealTree ├── uid-number@0.0.5
23 silly idealTree ├── uid-safe@2.0.0
23 silly idealTree ├── unique-stream@1.0.0
23 silly idealTree ├── unpipe@1.0.0
23 silly idealTree ├─┬ unzip@0.0.4
23 silly idealTree │ ├── fstream@0.1.31
23 silly idealTree │ └── graceful-fs@3.0.8
23 silly idealTree ├── user-home@1.1.1
23 silly idealTree ├── util-deprecate@1.0.2
23 silly idealTree ├── utils-merge@1.0.0
23 silly idealTree ├── v8flags@2.0.11
23 silly idealTree ├── validate-npm-package-license@3.0.1
23 silly idealTree ├── vary@1.1.0
23 silly idealTree ├── verror@1.3.6
23 silly idealTree ├─┬ vinyl-fs@0.3.14
23 silly idealTree │ ├── clone@0.2.0
23 silly idealTree │ ├── graceful-fs@3.0.8
23 silly idealTree │ ├── readable-stream@1.0.33
23 silly idealTree │ ├── strip-bom@1.0.0
23 silly idealTree │ ├── through2@0.6.5
23 silly idealTree │ └── vinyl@0.4.6
23 silly idealTree ├── vinyl-sourcemaps-apply@0.2.1
23 silly idealTree ├── vinyl@0.5.3
23 silly idealTree ├── vows@0.6.4
23 silly idealTree ├── which@1.2.4
23 silly idealTree ├── window-size@0.1.4
23 silly idealTree ├── wordwrap@0.0.2
23 silly idealTree ├── wrap-ansi@2.0.0
23 silly idealTree ├── wrappy@1.0.1
23 silly idealTree ├── xtend@4.0.1
23 silly idealTree ├── y18n@3.2.1
23 silly idealTree ├── yallist@2.0.0
23 silly idealTree └── yargs@3.32.0
24 silly generateActionsToTake Starting
25 silly install generateActionsToTake
26 silly generateActionsToTake Finishing
27 silly diffTrees action count 0
28 silly decomposeActions action count 0
29 silly executeActions Starting
30 silly install executeActions
31 silly doSerial global-install 0
32 silly doParallel fetch 0
33 verbose correctMkdir /Users/zachmckimmins/.npm/_locks correctMkdir not in flight; initializing
34 verbose lock using /Users/zachmckimmins/.npm/_locks/staging-9c3b2b6f4167a59c.lock for /Users/zachmckimmins/Documents/devmountain/personal-project/nti-go/node_modules/.staging
35 silly doParallel extract 0
36 silly doParallel preinstall 0
37 silly doReverseSerial remove 0
38 silly doSerial move 0
39 silly doSerial finalize 0
40 silly doSerial build 0
41 silly doSerial global-link 0
42 silly doParallel update-linked 0
43 silly doSerial install 0
44 silly doSerial postinstall 0
45 verbose unlock done using /Users/zachmckimmins/.npm/_locks/staging-9c3b2b6f4167a59c.lock for /Users/zachmckimmins/Documents/devmountain/personal-project/nti-go/node_modules/.staging
46 silly executeActions Finishing
47 silly rollbackFailedOptional Starting
48 silly rollbackFailedOptional Finishing
49 silly runTopLevelLifecycles Starting
50 silly install runTopLevelLifecycles
51 silly preinstall nti-go@1.0.0 /Users/zachmckimmins/Documents/devmountain/personal-project/nti-go/nti-go-e574899c
52 info lifecycle nti-go@1.0.0~preinstall: nti-go@1.0.0
53 silly lifecycle nti-go@1.0.0~preinstall: no script for preinstall, continuing
54 silly build nti-go@1.0.0
55 info linkStuff nti-go@1.0.0
56 silly linkStuff nti-go@1.0.0 has /Users/zachmckimmins/Documents/devmountain/personal-project as its parent node_modules
57 verbose linkBins nti-go@1.0.0
58 verbose linkMans nti-go@1.0.0
59 silly install nti-go@1.0.0 /Users/zachmckimmins/Documents/devmountain/personal-project/nti-go/nti-go-e574899c
60 info lifecycle nti-go@1.0.0~install: nti-go@1.0.0
61 silly lifecycle nti-go@1.0.0~install: no script for install, continuing
62 silly postinstall nti-go@1.0.0 /Users/zachmckimmins/Documents/devmountain/personal-project/nti-go/nti-go-e574899c
63 info lifecycle nti-go@1.0.0~postinstall: nti-go@1.0.0
64 verbose lifecycle nti-go@1.0.0~postinstall: unsafe-perm in lifecycle true
65 verbose lifecycle nti-go@1.0.0~postinstall: PATH: /Users/zachmckimmins/.node/lib/node_modules/npm/bin/node-gyp-bin:/Users/zachmckimmins/Documents/devmountain/personal-project/nti-go/node_modules/.bin:/Users/zachmckimmins/.rvm/gems/ruby-2.2.1/bin:/Users/zachmckimmins/.rvm/gems/ruby-2.2.1@global/bin:/Users/zachmckimmins/.rvm/rubies/ruby-2.2.1/bin:/Users/zachmckimmins/.node/bin:/Users/zachmckimmins/.node/bin:/usr/local/bin:/usr/bin:/bin:/usr/sbin:/sbin:/Users/zachmckimmins/.rvm/bin
66 verbose lifecycle nti-go@1.0.0~postinstall: CWD: /Users/zachmckimmins/Documents/devmountain/personal-project/nti-go
67 silly lifecycle nti-go@1.0.0~postinstall: Args: [ '-c', 'bower install' ]
68 silly lifecycle nti-go@1.0.0~postinstall: Returned: code: 1  signal: null
69 info lifecycle nti-go@1.0.0~postinstall: Failed to exec postinstall script
70 verbose stack Error: nti-go@1.0.0 postinstall: `bower install`
70 verbose stack Exit status 1
70 verbose stack     at EventEmitter.<anonymous> (/Users/zachmckimmins/.node/lib/node_modules/npm/lib/utils/lifecycle.js:232:16)
70 verbose stack     at emitTwo (events.js:87:13)
70 verbose stack     at EventEmitter.emit (events.js:172:7)
70 verbose stack     at ChildProcess.<anonymous> (/Users/zachmckimmins/.node/lib/node_modules/npm/lib/utils/spawn.js:24:14)
70 verbose stack     at emitTwo (events.js:87:13)
70 verbose stack     at ChildProcess.emit (events.js:172:7)
70 verbose stack     at maybeClose (internal/child_process.js:818:16)
70 verbose stack     at Process.ChildProcess._handle.onexit (internal/child_process.js:211:5)
71 verbose pkgid nti-go@1.0.0
72 verbose cwd /Users/zachmckimmins/Documents/devmountain/personal-project/nti-go
73 error Darwin 14.5.0
74 error argv "/usr/local/bin/node" "/Users/zachmckimmins/.node/bin/npm" "install"
75 error node v4.2.1
76 error npm  v3.6.0
77 error code ELIFECYCLE
78 error nti-go@1.0.0 postinstall: `bower install`
78 error Exit status 1
79 error Failed at the nti-go@1.0.0 postinstall script 'bower install'.
79 error Make sure you have the latest version of node.js and npm installed.
79 error If you do, this is most likely a problem with the nti-go package,
79 error not with npm itself.
79 error Tell the author that this fails on your system:
79 error     bower install
79 error You can get information on how to open an issue for this project with:
79 error     npm bugs nti-go
79 error Or if that isn't available, you can get their info via:
79 error     npm owner ls nti-go
79 error There is likely additional logging output above.
80 verbose exit [ 1, true ]
